<?xml version="1.0" encoding="UTF-8" ?>
<testsuite failures="0" time="1.43" errors="1" skipped="0" tests="2" name="cn.wang.oaA.test.DepartmentTest">
  <properties>
[...]
</properties>
  <testcase time="0.686" classname="cn.wang.oaA.test.DepartmentTest" name="test">
    <error message="a different object with the same identifier value was already associated with the session: [cn.wang.oaA.domain.system.Department#1]" type="org.hibernate.NonUniqueObjectException">org.hibernate.NonUniqueObjectException: a different object with the same identifier value was already associated with the session: [cn.wang.oaA.domain.system.Department#1]
	at org.hibernate.engine.StatefulPersistenceContext.checkUniqueness(StatefulPersistenceContext.java:638)
	at org.hibernate.event.def.DefaultSaveOrUpdateEventListener.performUpdate(DefaultSaveOrUpdateEventListener.java:305)
	at org.hibernate.event.def.DefaultSaveOrUpdateEventListener.entityIsDetached(DefaultSaveOrUpdateEventListener.java:246)
	at org.hibernate.event.def.DefaultUpdateEventListener.performSaveOrUpdate(DefaultUpdateEventListener.java:57)
	at org.hibernate.event.def.DefaultSaveOrUpdateEventListener.onSaveOrUpdate(DefaultSaveOrUpdateEventListener.java:93)
	at org.hibernate.impl.SessionImpl.fireUpdate(SessionImpl.java:742)
	at org.hibernate.impl.SessionImpl.update(SessionImpl.java:730)
	at org.hibernate.impl.SessionImpl.update(SessionImpl.java:722)
	at cn.wang.oaA.test.DepartmentTest.test(DepartmentTest.java:37)
	at sun.reflect.NativeMethodAccessorImpl.invoke0(Native Method)
	at sun.reflect.NativeMethodAccessorImpl.invoke(NativeMethodAccessorImpl.java:57)
	at sun.reflect.DelegatingMethodAccessorImpl.invoke(DelegatingMethodAccessorImpl.java:43)
	at java.lang.reflect.Method.invoke(Method.java:601)
	at org.junit.runners.model.FrameworkMethod$1.runReflectiveCall(FrameworkMethod.java:44)
	at org.junit.internal.runners.model.ReflectiveCallable.run(ReflectiveCallable.java:15)
	at org.junit.runners.model.FrameworkMethod.invokeExplosively(FrameworkMethod.java:41)
	at org.junit.internal.runners.statements.InvokeMethod.evaluate(InvokeMethod.java:20)
	at org.junit.runners.ParentRunner.runLeaf(ParentRunner.java:263)
	at org.junit.runners.BlockJUnit4ClassRunner.runChild(BlockJUnit4ClassRunner.java:69)
	at org.junit.runners.BlockJUnit4ClassRunner.runChild(BlockJUnit4ClassRunner.java:48)
	at org.junit.runners.ParentRunner$3.run(ParentRunner.java:231)
	at org.junit.runners.ParentRunner$1.schedule(ParentRunner.java:60)
	at org.junit.runners.ParentRunner.runChildren(ParentRunner.java:229)
	at org.junit.runners.ParentRunner.access$000(ParentRunner.java:50)
	at org.junit.runners.ParentRunner$2.evaluate(ParentRunner.java:222)
	at org.junit.runners.ParentRunner.run(ParentRunner.java:292)
	at org.apache.maven.surefire.junit4.JUnit4TestSet.execute(JUnit4TestSet.java:53)
	at org.apache.maven.surefire.junit4.JUnit4Provider.executeTestSet(JUnit4Provider.java:123)
	at org.apache.maven.surefire.junit4.JUnit4Provider.invoke(JUnit4Provider.java:104)
	at sun.reflect.NativeMethodAccessorImpl.invoke0(Native Method)
	at sun.reflect.NativeMethodAccessorImpl.invoke(NativeMethodAccessorImpl.java:57)
	at sun.reflect.DelegatingMethodAccessorImpl.invoke(DelegatingMethodAccessorImpl.java:43)
	at java.lang.reflect.Method.invoke(Method.java:601)
	at org.apache.maven.surefire.util.ReflectionUtils.invokeMethodWithArray(ReflectionUtils.java:164)
	at org.apache.maven.surefire.booter.ProviderFactory$ProviderProxy.invoke(ProviderFactory.java:110)
	at org.apache.maven.surefire.booter.SurefireStarter.invokeProvider(SurefireStarter.java:175)
	at org.apache.maven.surefire.booter.SurefireStarter.runSuitesInProcessWhenForked(SurefireStarter.java:107)
	at org.apache.maven.surefire.booter.ForkedBooter.main(ForkedBooter.java:68)
</error>
    <system-out>Hibernate: 
    select
        propertyim0_.KEY_ as KEY1_98_,
        propertyim0_.VERSION_ as VERSION2_98_,
        propertyim0_.VALUE_ as VALUE3_98_ 
    from
        JBPM4_PROPERTY propertyim0_ limit ?
Hibernate: 
    select
        propertyim0_.KEY_ as KEY1_98_0_,
        propertyim0_.VERSION_ as VERSION2_98_0_,
        propertyim0_.VALUE_ as VALUE3_98_0_ 
    from
        JBPM4_PROPERTY propertyim0_ 
    where
        propertyim0_.KEY_=?
Hibernate: 
    select
        department0_.did as did89_0_,
        department0_.name as name89_0_,
        department0_.description as descript3_89_0_ 
    from
        Department department0_ 
    where
        department0_.did=?
</system-out>
  </testcase>
  <testcase time="0.743" classname="cn.wang.oaA.test.DepartmentTest" name="testSessionFactory"/>
</testsuite>