<?xml version="1.0" encoding="UTF-8" ?>
<testsuite failures="0" time="1.871" errors="1" skipped="0" tests="3" name="cn.wang.oaA.test.MenuitemTest">
  <properties>
[...]
</properties>
  <testcase time="0.655" classname="cn.wang.oaA.test.MenuitemTest" name="saveMenuitem_Privilege"/>
  <testcase time="0.773" classname="cn.wang.oaA.test.MenuitemTest" name="updateMenuitem_Privilege"/>
  <testcase time="0.442" classname="cn.wang.oaA.test.MenuitemTest" name="addMenuItem">
    <error message="could not insert: [cn.wang.oaA.domain.menuitem.Menuitem]" type="org.hibernate.exception.ConstraintViolationException">org.hibernate.exception.ConstraintViolationException: could not insert: [cn.wang.oaA.domain.menuitem.Menuitem]
	at org.hibernate.exception.SQLStateConverter.convert(SQLStateConverter.java:96)
	at org.hibernate.exception.JDBCExceptionHelper.convert(JDBCExceptionHelper.java:66)
	at org.hibernate.persister.entity.AbstractEntityPersister.insert(AbstractEntityPersister.java:2455)
	at org.hibernate.persister.entity.AbstractEntityPersister.insert(AbstractEntityPersister.java:2875)
	at org.hibernate.action.EntityInsertAction.execute(EntityInsertAction.java:79)
	at org.hibernate.engine.ActionQueue.execute(ActionQueue.java:273)
	at org.hibernate.engine.ActionQueue.executeActions(ActionQueue.java:265)
	at org.hibernate.engine.ActionQueue.executeActions(ActionQueue.java:184)
	at org.hibernate.event.def.AbstractFlushingEventListener.performExecutions(AbstractFlushingEventListener.java:321)
	at org.hibernate.event.def.DefaultFlushEventListener.onFlush(DefaultFlushEventListener.java:51)
	at org.hibernate.impl.SessionImpl.flush(SessionImpl.java:1216)
	at org.hibernate.impl.SessionImpl.managedFlush(SessionImpl.java:383)
	at org.hibernate.transaction.JDBCTransaction.commit(JDBCTransaction.java:133)
	at cn.wang.oaA.test.MenuitemTest.addMenuItem(MenuitemTest.java:418)
	at sun.reflect.NativeMethodAccessorImpl.invoke0(Native Method)
	at sun.reflect.NativeMethodAccessorImpl.invoke(NativeMethodAccessorImpl.java:57)
	at sun.reflect.DelegatingMethodAccessorImpl.invoke(DelegatingMethodAccessorImpl.java:43)
	at java.lang.reflect.Method.invoke(Method.java:601)
	at org.junit.runners.model.FrameworkMethod$1.runReflectiveCall(FrameworkMethod.java:44)
	at org.junit.internal.runners.model.ReflectiveCallable.run(ReflectiveCallable.java:15)
	at org.junit.runners.model.FrameworkMethod.invokeExplosively(FrameworkMethod.java:41)
	at org.junit.internal.runners.statements.InvokeMethod.evaluate(InvokeMethod.java:20)
	at org.junit.runners.ParentRunner.runLeaf(ParentRunner.java:263)
	at org.junit.runners.BlockJUnit4ClassRunner.runChild(BlockJUnit4ClassRunner.java:69)
	at org.junit.runners.BlockJUnit4ClassRunner.runChild(BlockJUnit4ClassRunner.java:48)
	at org.junit.runners.ParentRunner$3.run(ParentRunner.java:231)
	at org.junit.runners.ParentRunner$1.schedule(ParentRunner.java:60)
	at org.junit.runners.ParentRunner.runChildren(ParentRunner.java:229)
	at org.junit.runners.ParentRunner.access$000(ParentRunner.java:50)
	at org.junit.runners.ParentRunner$2.evaluate(ParentRunner.java:222)
	at org.junit.runners.ParentRunner.run(ParentRunner.java:292)
	at org.apache.maven.surefire.junit4.JUnit4TestSet.execute(JUnit4TestSet.java:53)
	at org.apache.maven.surefire.junit4.JUnit4Provider.executeTestSet(JUnit4Provider.java:123)
	at org.apache.maven.surefire.junit4.JUnit4Provider.invoke(JUnit4Provider.java:104)
	at sun.reflect.NativeMethodAccessorImpl.invoke0(Native Method)
	at sun.reflect.NativeMethodAccessorImpl.invoke(NativeMethodAccessorImpl.java:57)
	at sun.reflect.DelegatingMethodAccessorImpl.invoke(DelegatingMethodAccessorImpl.java:43)
	at java.lang.reflect.Method.invoke(Method.java:601)
	at org.apache.maven.surefire.util.ReflectionUtils.invokeMethodWithArray(ReflectionUtils.java:164)
	at org.apache.maven.surefire.booter.ProviderFactory$ProviderProxy.invoke(ProviderFactory.java:110)
	at org.apache.maven.surefire.booter.SurefireStarter.invokeProvider(SurefireStarter.java:175)
	at org.apache.maven.surefire.booter.SurefireStarter.runSuitesInProcessWhenForked(SurefireStarter.java:107)
	at org.apache.maven.surefire.booter.ForkedBooter.main(ForkedBooter.java:68)
Caused by: java.sql.BatchUpdateException: Duplicate entry &apos;5&apos; for key &apos;PRIMARY&apos;
	at com.mysql.jdbc.PreparedStatement.executeBatchSerially(PreparedStatement.java:2054)
	at com.mysql.jdbc.PreparedStatement.executeBatch(PreparedStatement.java:1467)
	at org.hibernate.jdbc.BatchingBatcher.doExecuteBatch(BatchingBatcher.java:70)
	at org.hibernate.jdbc.BatchingBatcher.addToBatch(BatchingBatcher.java:56)
	at org.hibernate.persister.entity.AbstractEntityPersister.insert(AbstractEntityPersister.java:2435)
	... 40 more
Caused by: com.mysql.jdbc.exceptions.jdbc4.MySQLIntegrityConstraintViolationException: Duplicate entry &apos;5&apos; for key &apos;PRIMARY&apos;
	at sun.reflect.NativeConstructorAccessorImpl.newInstance0(Native Method)
	at sun.reflect.NativeConstructorAccessorImpl.newInstance(NativeConstructorAccessorImpl.java:57)
	at sun.reflect.DelegatingConstructorAccessorImpl.newInstance(DelegatingConstructorAccessorImpl.java:45)
	at java.lang.reflect.Constructor.newInstance(Constructor.java:525)
	at com.mysql.jdbc.Util.handleNewInstance(Util.java:411)
	at com.mysql.jdbc.Util.getInstance(Util.java:386)
	at com.mysql.jdbc.SQLError.createSQLException(SQLError.java:1041)
	at com.mysql.jdbc.MysqlIO.checkErrorPacket(MysqlIO.java:4187)
	at com.mysql.jdbc.MysqlIO.checkErrorPacket(MysqlIO.java:4119)
	at com.mysql.jdbc.MysqlIO.sendCommand(MysqlIO.java:2570)
	at com.mysql.jdbc.MysqlIO.sqlQueryDirect(MysqlIO.java:2731)
	at com.mysql.jdbc.ConnectionImpl.execSQL(ConnectionImpl.java:2815)
	at com.mysql.jdbc.PreparedStatement.executeInternal(PreparedStatement.java:2155)
	at com.mysql.jdbc.PreparedStatement.executeUpdate(PreparedStatement.java:2458)
	at com.mysql.jdbc.PreparedStatement.executeBatchSerially(PreparedStatement.java:2006)
	... 44 more
</error>
    <system-out>Hibernate: 
    select
        propertyim0_.KEY_ as KEY1_450_,
        propertyim0_.VERSION_ as VERSION2_450_,
        propertyim0_.VALUE_ as VALUE3_450_ 
    from
        JBPM4_PROPERTY propertyim0_ limit ?
Hibernate: 
    select
        propertyim0_.KEY_ as KEY1_450_0_,
        propertyim0_.VERSION_ as VERSION2_450_0_,
        propertyim0_.VALUE_ as VALUE3_450_0_ 
    from
        JBPM4_PROPERTY propertyim0_ 
    where
        propertyim0_.KEY_=?
Hibernate: 
    insert 
    into
        Menuitem
        (pid, name, icon, isParent, mid) 
    values
        (?, ?, ?, ?, ?)
Hibernate: 
    insert 
    into
        Menuitem
        (pid, name, icon, isParent, mid) 
    values
        (?, ?, ?, ?, ?)
Hibernate: 
    insert 
    into
        Menuitem
        (pid, name, icon, isParent, mid) 
    values
        (?, ?, ?, ?, ?)
Hibernate: 
    insert 
    into
        Menuitem
        (pid, name, icon, isParent, mid) 
    values
        (?, ?, ?, ?, ?)
Hibernate: 
    insert 
    into
        Menuitem
        (pid, name, icon, isParent, mid) 
    values
        (?, ?, ?, ?, ?)
Hibernate: 
    insert 
    into
        Menuitem
        (pid, name, icon, isParent, mid) 
    values
        (?, ?, ?, ?, ?)
Hibernate: 
    insert 
    into
        Menuitem
        (pid, name, icon, isParent, mid) 
    values
        (?, ?, ?, ?, ?)
Hibernate: 
    insert 
    into
        Menuitem
        (pid, name, icon, isParent, mid) 
    values
        (?, ?, ?, ?, ?)
Hibernate: 
    insert 
    into
        Menuitem
        (pid, name, icon, isParent, mid) 
    values
        (?, ?, ?, ?, ?)
Hibernate: 
    insert 
    into
        Menuitem
        (pid, name, icon, isParent, mid) 
    values
        (?, ?, ?, ?, ?)
Hibernate: 
    insert 
    into
        Menuitem
        (pid, name, icon, isParent, mid) 
    values
        (?, ?, ?, ?, ?)
Hibernate: 
    insert 
    into
        Menuitem
        (pid, name, icon, isParent, mid) 
    values
        (?, ?, ?, ?, ?)
Hibernate: 
    insert 
    into
        Menuitem
        (pid, name, icon, isParent, mid) 
    values
        (?, ?, ?, ?, ?)
Hibernate: 
    insert 
    into
        Menuitem
        (pid, name, icon, isParent, mid) 
    values
        (?, ?, ?, ?, ?)
Hibernate: 
    insert 
    into
        Menuitem
        (pid, name, icon, isParent, mid) 
    values
        (?, ?, ?, ?, ?)
</system-out>
  </testcase>
</testsuite>